<?xml version="1.0" encoding="UTF-8"?>
<testng-results skipped="0" failed="0" ignored="0" total="1" passed="1">
  <reporter-output>
  </reporter-output>
  <suite name="Default suite" duration-ms="57478" started-at="2019-09-24T12:53:40Z" finished-at="2019-09-24T12:54:38Z">
    <groups>
    </groups>
    <test name="Default test" duration-ms="57478" started-at="2019-09-24T12:53:40Z" finished-at="2019-09-24T12:54:38Z">
      <class name="com.selenium.webtables.WebTables">
        <test-method status="PASS" signature="setUp()[pri:0, instance:com.selenium.webtables.WebTables@58651fd0]" name="setUp" is-config="true" duration-ms="18891" started-at="2019-09-24T12:53:40Z" finished-at="2019-09-24T12:53:59Z">
          <reporter-output>
          </reporter-output>
        </test-method> <!-- setUp -->
        <test-method status="PASS" signature="dynamicTable()[pri:0, instance:com.selenium.webtables.WebTables@58651fd0]" name="dynamicTable" duration-ms="38536" started-at="2019-09-24T12:53:59Z" finished-at="2019-09-24T12:54:38Z">
          <reporter-output>
          </reporter-output>
        </test-method> <!-- dynamicTable -->
        <test-method status="PASS" signature="tearDown()[pri:0, instance:com.selenium.webtables.WebTables@58651fd0]" name="tearDown" is-config="true" duration-ms="1" started-at="2019-09-24T12:54:38Z" finished-at="2019-09-24T12:54:38Z">
          <reporter-output>
          </reporter-output>
        </test-method> <!-- tearDown -->
      </class> <!-- com.selenium.webtables.WebTables -->
    </test> <!-- Default test -->
  </suite> <!-- Default suite -->
</testng-results>
